2023-05-27T19:59:46.590+01:00  INFO 9912 --- [main] c.e.s.SpringBootEcomApplication          : Starting SpringBootEcomApplication using Java 17.0.6 with PID 9912 (C:\Users\leste\IdeaProjects\SpringBootEcomAppnMultiModule\SpringBootEcom\target\classes started by leste in C:\Users\leste\IdeaProjects\SpringBootEcomAppnMultiModule)
2023-05-27T19:59:46.594+01:00 DEBUG 9912 --- [main] c.e.s.SpringBootEcomApplication          : Running with Spring Boot v3.1.0, Spring v6.0.9
2023-05-27T19:59:46.595+01:00  INFO 9912 --- [main] c.e.s.SpringBootEcomApplication          : No active profile set, falling back to 1 default profile: "default"
2023-05-27T19:59:48.257+01:00  INFO 9912 --- [main] .s.d.r.c.RepositoryConfigurationDelegate : Bootstrapping Spring Data JPA repositories in DEFAULT mode.
2023-05-27T19:59:48.338+01:00  INFO 9912 --- [main] .s.d.r.c.RepositoryConfigurationDelegate : Finished Spring Data repository scanning in 65 ms. Found 1 JPA repository interfaces.
2023-05-27T19:59:48.987+01:00  INFO 9912 --- [main] o.s.b.w.embedded.tomcat.TomcatWebServer  : Tomcat initialized with port(s): 8080 (http)
2023-05-27T19:59:48.997+01:00  INFO 9912 --- [main] o.apache.catalina.core.StandardService   : Starting service [Tomcat]
2023-05-27T19:59:48.998+01:00  INFO 9912 --- [main] o.apache.catalina.core.StandardEngine    : Starting Servlet engine: [Apache Tomcat/10.1.8]
2023-05-27T19:59:49.104+01:00  INFO 9912 --- [main] o.a.c.c.C.[Tomcat].[localhost].[/]       : Initializing Spring embedded WebApplicationContext
2023-05-27T19:59:49.105+01:00  INFO 9912 --- [main] w.s.c.ServletWebServerApplicationContext : Root WebApplicationContext: initialization completed in 2420 ms
2023-05-27T19:59:49.230+01:00  INFO 9912 --- [main] com.zaxxer.hikari.HikariDataSource       : HikariPool-1 - Starting...
2023-05-27T19:59:49.484+01:00  INFO 9912 --- [main] com.zaxxer.hikari.pool.HikariPool        : HikariPool-1 - Added connection conn0: url=jdbc:h2:mem:testdb user=SA
2023-05-27T19:59:49.486+01:00  INFO 9912 --- [main] com.zaxxer.hikari.HikariDataSource       : HikariPool-1 - Start completed.
2023-05-27T19:59:49.498+01:00  INFO 9912 --- [main] o.s.b.a.h2.H2ConsoleAutoConfiguration    : H2 console available at '/h2-console'. Database available at 'jdbc:h2:mem:testdb'
2023-05-27T19:59:49.668+01:00  INFO 9912 --- [main] o.hibernate.jpa.internal.util.LogHelper  : HHH000204: Processing PersistenceUnitInfo [name: default]
2023-05-27T19:59:49.760+01:00  INFO 9912 --- [main] org.hibernate.Version                    : HHH000412: Hibernate ORM core version 6.2.2.Final
2023-05-27T19:59:49.765+01:00  INFO 9912 --- [main] org.hibernate.cfg.Environment            : HHH000406: Using bytecode reflection optimizer
2023-05-27T19:59:49.942+01:00  INFO 9912 --- [main] o.h.b.i.BytecodeProviderInitiator        : HHH000021: Bytecode provider name : bytebuddy
2023-05-27T19:59:50.123+01:00  INFO 9912 --- [main] o.s.o.j.p.SpringPersistenceUnitInfo      : No LoadTimeWeaver setup: ignoring JPA class transformer
2023-05-27T19:59:50.183+01:00  INFO 9912 --- [main] org.hibernate.orm.dialect                : HHH035001: Using dialect: org.hibernate.dialect.H2Dialect, version: 2.1.214
2023-05-27T19:59:50.427+01:00  INFO 9912 --- [main] o.h.b.i.BytecodeProviderInitiator        : HHH000021: Bytecode provider name : bytebuddy
2023-05-27T19:59:51.189+01:00  INFO 9912 --- [main] o.h.e.t.j.p.i.JtaPlatformInitiator       : HHH000490: Using JtaPlatform implementation: [org.hibernate.engine.transaction.jta.platform.internal.NoJtaPlatform]
2023-05-27T19:59:51.229+01:00  INFO 9912 --- [main] o.h.t.s.i.e.GenerationTargetToDatabase   : HHH000476: Executing script '[injected ScriptSourceInputNonExistentImpl script]'
2023-05-27T19:59:51.233+01:00  INFO 9912 --- [main] j.LocalContainerEntityManagerFactoryBean : Initialized JPA EntityManagerFactory for persistence unit 'default'
2023-05-27T19:59:51.695+01:00  WARN 9912 --- [main] JpaBaseConfiguration$JpaWebConfiguration : spring.jpa.open-in-view is enabled by default. Therefore, database queries may be performed during view rendering. Explicitly configure spring.jpa.open-in-view to disable this warning
2023-05-27T19:59:52.380+01:00  INFO 9912 --- [main] o.s.b.a.e.web.EndpointLinksResolver      : Exposing 14 endpoint(s) beneath base path '/actuator'
2023-05-27T19:59:52.474+01:00  INFO 9912 --- [main] o.s.b.w.embedded.tomcat.TomcatWebServer  : Tomcat started on port(s): 8080 (http) with context path ''
2023-05-27T19:59:52.499+01:00  INFO 9912 --- [main] c.e.s.SpringBootEcomApplication          : Started SpringBootEcomApplication in 6.687 seconds (process running for 7.712)
2023-05-27T19:59:52.968+01:00  INFO 9912 --- [RMI TCP Connection(2)-172.24.48.1] o.a.c.c.C.[Tomcat].[localhost].[/]       : Initializing Spring DispatcherServlet 'dispatcherServlet'
2023-05-27T19:59:52.968+01:00  INFO 9912 --- [RMI TCP Connection(2)-172.24.48.1] o.s.web.servlet.DispatcherServlet        : Initializing Servlet 'dispatcherServlet'
2023-05-27T19:59:52.970+01:00  INFO 9912 --- [RMI TCP Connection(2)-172.24.48.1] o.s.web.servlet.DispatcherServlet        : Completed initialization in 2 ms
2023-05-27T20:01:27.957+01:00  INFO 9912 --- [http-nio-8080-exec-1] c.e.s.controller.AlbumController         : AlbumController:: saveAlbumById : AlbumDTORequest(albumTitle=Dark Side of the Moon, artist=Pussy Riot, releaseDate=1966-10-07, price=19.99, albumGenre=Rock)
2023-05-27T20:01:27.958+01:00  INFO 9912 --- [http-nio-8080-exec-1] c.e.springbootecom.service.AlbumService  : AlbumService::addNewAlbum execution started
2023-05-27T20:01:27.958+01:00  INFO 9912 --- [http-nio-8080-exec-1] c.example.springbootecom.util.AppUtils   : AppUtils::mapAlbumDTORequestToAlbumEntity converting AlbumDTORequest(albumTitle=Dark Side of the Moon, artist=Pussy Riot, releaseDate=1966-10-07, price=19.99, albumGenre=Rock) to AlbumEntity
2023-05-27T20:01:28.174+01:00  INFO 9912 --- [http-nio-8080-exec-1] c.e.springbootecom.service.AlbumService  : AlbumService::addNewAlbum execution ended
2023-05-27T20:01:53.899+01:00  INFO 9912 --- [http-nio-8080-exec-2] c.e.s.controller.AlbumController         : AlbumController:: saveAlbumById : AlbumDTORequest(albumTitle=Hunky Dory, artist=David Bowie, releaseDate=1966-10-07, price=19.99, albumGenre=Rock)
2023-05-27T20:01:53.899+01:00  INFO 9912 --- [http-nio-8080-exec-2] c.e.springbootecom.service.AlbumService  : AlbumService::addNewAlbum execution started
2023-05-27T20:01:53.900+01:00  INFO 9912 --- [http-nio-8080-exec-2] c.example.springbootecom.util.AppUtils   : AppUtils::mapAlbumDTORequestToAlbumEntity converting AlbumDTORequest(albumTitle=Hunky Dory, artist=David Bowie, releaseDate=1966-10-07, price=19.99, albumGenre=Rock) to AlbumEntity
2023-05-27T20:01:53.905+01:00  INFO 9912 --- [http-nio-8080-exec-2] c.e.springbootecom.service.AlbumService  : AlbumService::addNewAlbum execution ended
2023-05-27T20:02:02.963+01:00  INFO 9912 --- [http-nio-8080-exec-3] c.e.s.controller.AlbumController         : AlbumController:: saveAlbumById : AlbumDTORequest(albumTitle=Abbey Road, artist=The Beatles, releaseDate=1966-10-07, price=19.99, albumGenre=Rock)
2023-05-27T20:02:02.964+01:00  INFO 9912 --- [http-nio-8080-exec-3] c.e.springbootecom.service.AlbumService  : AlbumService::addNewAlbum execution started
2023-05-27T20:02:02.964+01:00  INFO 9912 --- [http-nio-8080-exec-3] c.example.springbootecom.util.AppUtils   : AppUtils::mapAlbumDTORequestToAlbumEntity converting AlbumDTORequest(albumTitle=Abbey Road, artist=The Beatles, releaseDate=1966-10-07, price=19.99, albumGenre=Rock) to AlbumEntity
2023-05-27T20:02:02.969+01:00  INFO 9912 --- [http-nio-8080-exec-3] c.e.springbootecom.service.AlbumService  : AlbumService::addNewAlbum execution ended
2023-05-27T20:02:10.884+01:00  INFO 9912 --- [http-nio-8080-exec-4] c.e.s.controller.AlbumController         : AlbumController:: findAllAlbums called...
2023-05-27T20:02:10.885+01:00  INFO 9912 --- [http-nio-8080-exec-4] c.e.springbootecom.service.AlbumService  : AlbumService::findAllAlbums execution started
2023-05-27T20:02:11.173+01:00  INFO 9912 --- [http-nio-8080-exec-4] c.e.springbootecom.service.AlbumService  : AlbumService::findAllAlbums execution ended
2023-05-27T20:22:18.470+01:00  INFO 9912 --- [SpringApplicationShutdownHook] j.LocalContainerEntityManagerFactoryBean : Closing JPA EntityManagerFactory for persistence unit 'default'
2023-05-27T20:22:18.472+01:00  INFO 9912 --- [SpringApplicationShutdownHook] .SchemaDropperImpl$DelayedDropActionImpl : HHH000477: Starting delayed evictData of schema as part of SessionFactory shut-down'
2023-05-27T20:22:18.751+01:00  INFO 9912 --- [SpringApplicationShutdownHook] com.zaxxer.hikari.HikariDataSource       : HikariPool-1 - Shutdown initiated...
2023-05-27T20:22:18.846+01:00  INFO 9912 --- [SpringApplicationShutdownHook] com.zaxxer.hikari.HikariDataSource       : HikariPool-1 - Shutdown completed.
